This is pdfTeX, Version 3.14159265-2.6-1.40.20 (TeX Live 2019/Debian) (preloaded format=pdflatex 2023.9.14)  1 DEC 2023 13:03
entering extended mode
 restricted \write18 enabled.
 %&-line parsing enabled.
**Nano-MGMT-Figures.NOV23.tex
(./Nano-MGMT-Figures.NOV23.tex
LaTeX2e <2020-02-02> patch level 2
L3 programming layer <2020-02-14> (/usr/share/texlive/texmf-dist/tex/latex/base
/article.cls
Document Class: article 2019/12/20 v1.4l Standard LaTeX document class
(/usr/share/texlive/texmf-dist/tex/latex/base/size10.clo
File: size10.clo 2019/12/20 v1.4l Standard LaTeX file (size option)
)
\c@part=\count167
\c@section=\count168
\c@subsection=\count169
\c@subsubsection=\count170
\c@paragraph=\count171
\c@subparagraph=\count172
\c@figure=\count173
\c@table=\count174
\abovecaptionskip=\skip47
\belowcaptionskip=\skip48
\bibindent=\dimen134
) (/usr/share/texlive/texmf-dist/tex/latex/amsmath/amsmath.sty
Package: amsmath 2020/01/20 v2.17e AMS math features
\@mathmargin=\skip49
For additional information on amsmath, use the `?' option.
(/usr/share/texlive/texmf-dist/tex/latex/amsmath/amstext.sty
Package: amstext 2000/06/29 v2.01 AMS text
(/usr/share/texlive/texmf-dist/tex/latex/amsmath/amsgen.sty
File: amsgen.sty 1999/11/30 v2.0 generic functions
\@emptytoks=\toks14
\ex@=\dimen135
)) (/usr/share/texlive/texmf-dist/tex/latex/amsmath/amsbsy.sty
Package: amsbsy 1999/11/29 v1.2d Bold Symbols
\pmbraise@=\dimen136
) (/usr/share/texlive/texmf-dist/tex/latex/amsmath/amsopn.sty
Package: amsopn 2016/03/08 v2.02 operator names
)
\inf@bad=\count175
LaTeX Info: Redefining \frac on input line 227.
\uproot@=\count176
\leftroot@=\count177
LaTeX Info: Redefining \overline on input line 389.
\classnum@=\count178
\DOTSCASE@=\count179
LaTeX Info: Redefining \ldots on input line 486.
LaTeX Info: Redefining \dots on input line 489.
LaTeX Info: Redefining \cdots on input line 610.
\Mathstrutbox@=\box45
\strutbox@=\box46
\big@size=\dimen137
LaTeX Font Info:    Redeclaring font encoding OML on input line 733.
LaTeX Font Info:    Redeclaring font encoding OMS on input line 734.
\macc@depth=\count180
\c@MaxMatrixCols=\count181
\dotsspace@=\muskip16
\c@parentequation=\count182
\dspbrk@lvl=\count183
\tag@help=\toks15
\row@=\count184
\column@=\count185
\maxfields@=\count186
\andhelp@=\toks16
\eqnshift@=\dimen138
\alignsep@=\dimen139
\tagshift@=\dimen140
\tagwidth@=\dimen141
\totwidth@=\dimen142
\lineht@=\dimen143
\@envbody=\toks17
\multlinegap=\skip50
\multlinetaggap=\skip51
\mathdisplay@stack=\toks18
LaTeX Info: Redefining \[ on input line 2859.
LaTeX Info: Redefining \] on input line 2860.
) (/usr/share/texlive/texmf-dist/tex/latex/amsfonts/amssymb.sty
Package: amssymb 2013/01/14 v3.01 AMS font symbols
(/usr/share/texlive/texmf-dist/tex/latex/amsfonts/amsfonts.sty
Package: amsfonts 2013/01/14 v3.01 Basic AMSFonts support
\symAMSa=\mathgroup4
\symAMSb=\mathgroup5
LaTeX Font Info:    Redeclaring math symbol \hbar on input line 98.
LaTeX Font Info:    Overwriting math alphabet `\mathfrak' in version `bold'
(Font)                  U/euf/m/n --> U/euf/b/n on input line 106.
)) (/usr/share/texmf/tex/latex/lm/lmodern.sty
Package: lmodern 2009/10/30 v1.6 Latin Modern Fonts
LaTeX Font Info:    Overwriting symbol font `operators' in version `normal'
(Font)                  OT1/cmr/m/n --> OT1/lmr/m/n on input line 22.
LaTeX Font Info:    Overwriting symbol font `letters' in version `normal'
(Font)                  OML/cmm/m/it --> OML/lmm/m/it on input line 23.
LaTeX Font Info:    Overwriting symbol font `symbols' in version `normal'
(Font)                  OMS/cmsy/m/n --> OMS/lmsy/m/n on input line 24.
LaTeX Font Info:    Overwriting symbol font `largesymbols' in version `normal'
(Font)                  OMX/cmex/m/n --> OMX/lmex/m/n on input line 25.
LaTeX Font Info:    Overwriting symbol font `operators' in version `bold'
(Font)                  OT1/cmr/bx/n --> OT1/lmr/bx/n on input line 26.
LaTeX Font Info:    Overwriting symbol font `letters' in version `bold'
(Font)                  OML/cmm/b/it --> OML/lmm/b/it on input line 27.
LaTeX Font Info:    Overwriting symbol font `symbols' in version `bold'
(Font)                  OMS/cmsy/b/n --> OMS/lmsy/b/n on input line 28.
LaTeX Font Info:    Overwriting symbol font `largesymbols' in version `bold'
(Font)                  OMX/cmex/m/n --> OMX/lmex/m/n on input line 29.
LaTeX Font Info:    Overwriting math alphabet `\mathbf' in version `normal'
(Font)                  OT1/cmr/bx/n --> OT1/lmr/bx/n on input line 31.
LaTeX Font Info:    Overwriting math alphabet `\mathsf' in version `normal'
(Font)                  OT1/cmss/m/n --> OT1/lmss/m/n on input line 32.
LaTeX Font Info:    Overwriting math alphabet `\mathit' in version `normal'
(Font)                  OT1/cmr/m/it --> OT1/lmr/m/it on input line 33.
LaTeX Font Info:    Overwriting math alphabet `\mathtt' in version `normal'
(Font)                  OT1/cmtt/m/n --> OT1/lmtt/m/n on input line 34.
LaTeX Font Info:    Overwriting math alphabet `\mathbf' in version `bold'
(Font)                  OT1/cmr/bx/n --> OT1/lmr/bx/n on input line 35.
LaTeX Font Info:    Overwriting math alphabet `\mathsf' in version `bold'
(Font)                  OT1/cmss/bx/n --> OT1/lmss/bx/n on input line 36.
LaTeX Font Info:    Overwriting math alphabet `\mathit' in version `bold'
(Font)                  OT1/cmr/bx/it --> OT1/lmr/bx/it on input line 37.
LaTeX Font Info:    Overwriting math alphabet `\mathtt' in version `bold'
(Font)                  OT1/cmtt/m/n --> OT1/lmtt/m/n on input line 38.
) (/usr/share/texlive/texmf-dist/tex/generic/iftex/iftex.sty
Package: iftex 2019/11/07 v1.0c TeX engine tests
) (/usr/share/texlive/texmf-dist/tex/latex/base/fontenc.sty
Package: fontenc 2020/02/11 v2.0o Standard LaTeX package
LaTeX Font Info:    Trying to load font information for T1+lmr on input line 11
2.
(/usr/share/texmf/tex/latex/lm/t1lmr.fd
File: t1lmr.fd 2009/10/30 v1.6 Font defs for Latin Modern
)) (/usr/share/texlive/texmf-dist/tex/latex/base/inputenc.sty
Package: inputenc 2018/08/11 v1.3c Input encoding file
\inpenc@prehook=\toks19
\inpenc@posthook=\toks20
) (/usr/share/texlive/texmf-dist/tex/latex/base/textcomp.sty
Package: textcomp 2020/02/02 v2.0n Standard LaTeX package
) (/usr/share/texlive/texmf-dist/tex/latex/upquote/upquote.sty
Package: upquote 2012/04/19 v1.3 upright-quote and grave-accent glyphs in verba
tim
) (/usr/share/texlive/texmf-dist/tex/latex/microtype/microtype.sty
Package: microtype 2019/11/18 v2.7d Micro-typographical refinements (RS)
(/usr/share/texlive/texmf-dist/tex/latex/graphics/keyval.sty
Package: keyval 2014/10/28 v1.15 key=value parser (DPC)
\KV@toks@=\toks21
)
\MT@toks=\toks22
\MT@count=\count187
LaTeX Info: Redefining \textls on input line 790.
\MT@outer@kern=\dimen144
LaTeX Info: Redefining \textmicrotypecontext on input line 1354.
\MT@listname@count=\count188
(/usr/share/texlive/texmf-dist/tex/latex/microtype/microtype-pdftex.def
File: microtype-pdftex.def 2019/11/18 v2.7d Definitions specific to pdftex (RS)

LaTeX Info: Redefining \lsstyle on input line 914.
LaTeX Info: Redefining \lslig on input line 914.
\MT@outer@space=\skip52
)
Package microtype Info: Loading configuration file microtype.cfg.
(/usr/share/texlive/texmf-dist/tex/latex/microtype/microtype.cfg
File: microtype.cfg 2019/11/18 v2.7d microtype main configuration file (RS)
)) (/usr/share/texlive/texmf-dist/tex/latex/parskip/parskip.sty
Package: parskip 2020-01-22 v2.0d non-zero parskip adjustments
(/usr/share/texlive/texmf-dist/tex/latex/kvoptions/kvoptions.sty
Package: kvoptions 2019/11/29 v3.13 Key value format for package options (HO)
(/usr/share/texlive/texmf-dist/tex/generic/ltxcmds/ltxcmds.sty
Package: ltxcmds 2019/12/15 v1.24 LaTeX kernel commands for general use (HO)
) (/usr/share/texlive/texmf-dist/tex/generic/kvsetkeys/kvsetkeys.sty
Package: kvsetkeys 2019/12/15 v1.18 Key value parser (HO)
)) (/usr/share/texlive/texmf-dist/tex/latex/etoolbox/etoolbox.sty
Package: etoolbox 2019/09/21 v2.5h e-TeX tools for LaTeX (JAW)
\etb@tempcnta=\count189
)) (/usr/share/texlive/texmf-dist/tex/latex/xcolor/xcolor.sty
Package: xcolor 2016/05/11 v2.12 LaTeX color extensions (UK)
(/usr/share/texlive/texmf-dist/tex/latex/graphics-cfg/color.cfg
File: color.cfg 2016/01/02 v1.6 sample color configuration
)
Package xcolor Info: Driver file: pdftex.def on input line 225.
(/usr/share/texlive/texmf-dist/tex/latex/graphics-def/pdftex.def
File: pdftex.def 2018/01/08 v1.0l Graphics/color driver for pdftex
)
Package xcolor Info: Model `cmy' substituted by `cmy0' on input line 1348.
Package xcolor Info: Model `hsb' substituted by `rgb' on input line 1352.
Package xcolor Info: Model `RGB' extended on input line 1364.
Package xcolor Info: Model `HTML' substituted by `rgb' on input line 1366.
Package xcolor Info: Model `Hsb' substituted by `hsb' on input line 1367.
Package xcolor Info: Model `tHsb' substituted by `hsb' on input line 1368.
Package xcolor Info: Model `HSB' substituted by `hsb' on input line 1369.
Package xcolor Info: Model `Gray' substituted by `gray' on input line 1370.
Package xcolor Info: Model `wave' substituted by `hsb' on input line 1371.
) (/usr/share/texlive/texmf-dist/tex/latex/geometry/geometry.sty
Package: geometry 2020/01/02 v5.9 Page Geometry
(/usr/share/texlive/texmf-dist/tex/generic/iftex/ifvtex.sty
Package: ifvtex 2019/10/25 v1.7 ifvtex legacy package. Use iftex instead.
)
\Gm@cnth=\count190
\Gm@cntv=\count191
\c@Gm@tempcnt=\count192
\Gm@bindingoffset=\dimen145
\Gm@wd@mp=\dimen146
\Gm@odd@mp=\dimen147
\Gm@even@mp=\dimen148
\Gm@layoutwidth=\dimen149
\Gm@layoutheight=\dimen150
\Gm@layouthoffset=\dimen151
\Gm@layoutvoffset=\dimen152
\Gm@dimlist=\toks23
) (/usr/share/texlive/texmf-dist/tex/latex/tools/longtable.sty
Package: longtable 2020/01/07 v4.13 Multi-page Table package (DPC)
\LTleft=\skip53
\LTright=\skip54
\LTpre=\skip55
\LTpost=\skip56
\LTchunksize=\count193
\LTcapwidth=\dimen153
\LT@head=\box47
\LT@firsthead=\box48
\LT@foot=\box49
\LT@lastfoot=\box50
\LT@cols=\count194
\LT@rows=\count195
\c@LT@tables=\count196
\c@LT@chunks=\count197
\LT@p@ftn=\toks24
) (/usr/share/texlive/texmf-dist/tex/latex/booktabs/booktabs.sty
Package: booktabs 2020/01/12 v1.61803398 Publication quality tables
\heavyrulewidth=\dimen154
\lightrulewidth=\dimen155
\cmidrulewidth=\dimen156
\belowrulesep=\dimen157
\belowbottomsep=\dimen158
\aboverulesep=\dimen159
\abovetopsep=\dimen160
\cmidrulesep=\dimen161
\cmidrulekern=\dimen162
\defaultaddspace=\dimen163
\@cmidla=\count198
\@cmidlb=\count199
\@aboverulesep=\dimen164
\@belowrulesep=\dimen165
\@thisruleclass=\count266
\@lastruleclass=\count267
\@thisrulewidth=\dimen166
) (/usr/share/texlive/texmf-dist/tex/latex/tools/array.sty
Package: array 2019/08/31 v2.4l Tabular extension package (FMi)
\col@sep=\dimen167
\ar@mcellbox=\box51
\extrarowheight=\dimen168
\NC@list=\toks25
\extratabsurround=\skip57
\backup@length=\skip58
\ar@cellbox=\box52
) (/usr/share/texlive/texmf-dist/tex/latex/tools/calc.sty
Package: calc 2017/05/25 v4.3 Infix arithmetic (KKT,FJ)
\calc@Acount=\count268
\calc@Bcount=\count269
\calc@Adimen=\dimen169
\calc@Bdimen=\dimen170
\calc@Askip=\skip59
\calc@Bskip=\skip60
LaTeX Info: Redefining \setlength on input line 80.
LaTeX Info: Redefining \addtolength on input line 81.
\calc@Ccount=\count270
\calc@Cskip=\skip61
) (/usr/share/texlive/texmf-dist/tex/latex/footnotehyper/footnotehyper.sty
Package: footnotehyper 2019/11/07 v1.1a hyperref aware footnote.sty (JFB)
\FNH@notes=\box53
\FNH@width=\dimen171
) (/usr/share/texlive/texmf-dist/tex/latex/graphics/graphicx.sty
Package: graphicx 2019/11/30 v1.2a Enhanced LaTeX Graphics (DPC,SPQR)
(/usr/share/texlive/texmf-dist/tex/latex/graphics/graphics.sty
Package: graphics 2019/11/30 v1.4a Standard LaTeX Graphics (DPC,SPQR)
(/usr/share/texlive/texmf-dist/tex/latex/graphics/trig.sty
Package: trig 2016/01/03 v1.10 sin cos tan (DPC)
) (/usr/share/texlive/texmf-dist/tex/latex/graphics-cfg/graphics.cfg
File: graphics.cfg 2016/06/04 v1.11 sample graphics configuration
)
Package graphics Info: Driver file: pdftex.def on input line 105.
)
\Gin@req@height=\dimen172
\Gin@req@width=\dimen173
) (/usr/share/texlive/texmf-dist/tex/latex/fancyhdr/fancyhdr.sty
Package: fancyhdr 2019/01/31 v3.10 Extensive control of page headers and footer
s
\f@nch@headwidth=\skip62
\f@nch@O@elh=\skip63
\f@nch@O@erh=\skip64
\f@nch@O@olh=\skip65
\f@nch@O@orh=\skip66
\f@nch@O@elf=\skip67
\f@nch@O@erf=\skip68
\f@nch@O@olf=\skip69
\f@nch@O@orf=\skip70
) (/usr/share/texlive/texmf-dist/tex/latex/mathtools/mathtools.sty
Package: mathtools 2020/01/17 v1.23 mathematical typesetting tools
(/usr/share/texlive/texmf-dist/tex/latex/mathtools/mhsetup.sty
Package: mhsetup 2017/03/31 v1.3 programming setup (MH)
)
LaTeX Info: Thecontrolsequence`\('isalreadyrobust on input line 129.
LaTeX Info: Thecontrolsequence`\)'isalreadyrobust on input line 129.
LaTeX Info: Thecontrolsequence`\['isalreadyrobust on input line 129.
LaTeX Info: Thecontrolsequence`\]'isalreadyrobust on input line 129.
\g_MT_multlinerow_int=\count271
\l_MT_multwidth_dim=\dimen174
\origjot=\skip71
\l_MT_shortvdotswithinadjustabove_dim=\dimen175
\l_MT_shortvdotswithinadjustbelow_dim=\dimen176
\l_MT_above_intertext_sep=\dimen177
\l_MT_below_intertext_sep=\dimen178
\l_MT_above_shortintertext_sep=\dimen179
\l_MT_below_shortintertext_sep=\dimen180
) (/usr/share/texlive/texmf-dist/tex/latex/hyperref/hyperref.sty
Package: hyperref 2020/01/14 v7.00d Hypertext links for LaTeX
(/usr/share/texlive/texmf-dist/tex/latex/pdftexcmds/pdftexcmds.sty
Package: pdftexcmds 2019/11/24 v0.31 Utility functions of pdfTeX for LuaTeX (HO
)
(/usr/share/texlive/texmf-dist/tex/generic/infwarerr/infwarerr.sty
Package: infwarerr 2019/12/03 v1.5 Providing info/warning/error messages (HO)
)
Package pdftexcmds Info: \pdf@primitive is available.
Package pdftexcmds Info: \pdf@ifprimitive is available.
Package pdftexcmds Info: \pdfdraftmode found.
) (/usr/share/texlive/texmf-dist/tex/generic/kvdefinekeys/kvdefinekeys.sty
Package: kvdefinekeys 2019-12-19 v1.6 Define keys (HO)
) (/usr/share/texlive/texmf-dist/tex/generic/pdfescape/pdfescape.sty
Package: pdfescape 2019/12/09 v1.15 Implements pdfTeX's escape features (HO)
) (/usr/share/texlive/texmf-dist/tex/latex/hycolor/hycolor.sty
Package: hycolor 2020-01-27 v1.10 Color options for hyperref/bookmark (HO)
) (/usr/share/texlive/texmf-dist/tex/latex/letltxmacro/letltxmacro.sty
Package: letltxmacro 2019/12/03 v1.6 Let assignment for LaTeX macros (HO)
) (/usr/share/texlive/texmf-dist/tex/latex/auxhook/auxhook.sty
Package: auxhook 2019-12-17 v1.6 Hooks for auxiliary files (HO)
)
\@linkdim=\dimen181
\Hy@linkcounter=\count272
\Hy@pagecounter=\count273
(/usr/share/texlive/texmf-dist/tex/latex/hyperref/pd1enc.def
File: pd1enc.def 2020/01/14 v7.00d Hyperref: PDFDocEncoding definition (HO)
Now handling font encoding PD1 ...
... no UTF-8 mapping file for font encoding PD1
) (/usr/share/texlive/texmf-dist/tex/generic/intcalc/intcalc.sty
Package: intcalc 2019/12/15 v1.3 Expandable calculations with integers (HO)
) (/usr/share/texlive/texmf-dist/tex/generic/etexcmds/etexcmds.sty
Package: etexcmds 2019/12/15 v1.7 Avoid name clashes with e-TeX commands (HO)
)
\Hy@SavedSpaceFactor=\count274
\pdfmajorversion=\count275
Package hyperref Info: Option `unicode' set `true' on input line 4421.
(/usr/share/texlive/texmf-dist/tex/latex/hyperref/puenc.def
File: puenc.def 2020/01/14 v7.00d Hyperref: PDF Unicode definition (HO)
Now handling font encoding PU ...
... no UTF-8 mapping file for font encoding PU
)
Package hyperref Info: Hyper figures OFF on input line 4547.
Package hyperref Info: Link nesting OFF on input line 4552.
Package hyperref Info: Hyper index ON on input line 4555.
Package hyperref Info: Plain pages OFF on input line 4562.
Package hyperref Info: Backreferencing OFF on input line 4567.
Package hyperref Info: Implicit mode ON; LaTeX internals redefined.
Package hyperref Info: Bookmarks ON on input line 4800.
\c@Hy@tempcnt=\count276
(/usr/share/texlive/texmf-dist/tex/latex/url/url.sty
\Urlmuskip=\muskip17
Package: url 2013/09/16  ver 3.4  Verb mode for urls, etc.
)
LaTeX Info: Redefining \url on input line 5159.
\XeTeXLinkMargin=\dimen182
(/usr/share/texlive/texmf-dist/tex/generic/bitset/bitset.sty
Package: bitset 2019/12/09 v1.3 Handle bit-vector datatype (HO)
(/usr/share/texlive/texmf-dist/tex/generic/bigintcalc/bigintcalc.sty
Package: bigintcalc 2019/12/15 v1.5 Expandable calculations on big integers (HO
)
))
\Fld@menulength=\count277
\Field@Width=\dimen183
\Fld@charsize=\dimen184
Package hyperref Info: Hyper figures OFF on input line 6430.
Package hyperref Info: Link nesting OFF on input line 6435.
Package hyperref Info: Hyper index ON on input line 6438.
Package hyperref Info: backreferencing OFF on input line 6445.
Package hyperref Info: Link coloring OFF on input line 6450.
Package hyperref Info: Link coloring with OCG OFF on input line 6455.
Package hyperref Info: PDF/A mode OFF on input line 6460.
LaTeX Info: Redefining \ref on input line 6500.
LaTeX Info: Redefining \pageref on input line 6504.
(/usr/share/texlive/texmf-dist/tex/generic/atbegshi/atbegshi.sty
Package: atbegshi 2019/12/05 v1.19 At begin shipout hook (HO)
)
\Hy@abspage=\count278
\c@Item=\count279
\c@Hfootnote=\count280
)
Package hyperref Info: Driver (autodetected): hpdftex.
(/usr/share/texlive/texmf-dist/tex/latex/hyperref/hpdftex.def
File: hpdftex.def 2020/01/14 v7.00d Hyperref driver for pdfTeX
(/usr/share/texlive/texmf-dist/tex/latex/atveryend/atveryend.sty
Package: atveryend 2019-12-11 v1.11 Hooks at the very end of document (HO)
)
\Fld@listcount=\count281
\c@bookmark@seq@number=\count282
(/usr/share/texlive/texmf-dist/tex/latex/rerunfilecheck/rerunfilecheck.sty
Package: rerunfilecheck 2019/12/05 v1.9 Rerun checks for auxiliary files (HO)
(/usr/share/texlive/texmf-dist/tex/generic/uniquecounter/uniquecounter.sty
Package: uniquecounter 2019/12/15 v1.4 Provide unlimited unique counter (HO)
)
Package uniquecounter Info: New unique counter `rerunfilecheck' on input line 2
86.
)
\Hy@SectionHShift=\skip72
) (/usr/share/texlive/texmf-dist/tex/latex/subfig/subfig.sty
Package: subfig 2005/06/28 ver: 1.3 subfig package
(/usr/share/texlive/texmf-dist/tex/latex/caption/caption.sty
Package: caption 2020/01/03 v3.4h Customizing captions (AR)
(/usr/share/texlive/texmf-dist/tex/latex/caption/caption3.sty
Package: caption3 2020/01/03 v1.8h caption3 kernel (AR)
Package caption3 Info: TeX engine: e-TeX on input line 61.
\captionmargin=\dimen185
\captionmargin@=\dimen186
\captionwidth=\dimen187
\caption@tempdima=\dimen188
\caption@indent=\dimen189
\caption@parindent=\dimen190
\caption@hangindent=\dimen191
Package caption Info: Standard document class detected.
)
\c@caption@flags=\count283
\c@continuedfloat=\count284
Package caption Info: hyperref package is loaded.
Package caption Info: longtable package is loaded.
(/usr/share/texlive/texmf-dist/tex/latex/caption/ltcaption.sty
Package: ltcaption 2018/08/26 v1.4a longtable captions (AR)
))
\c@KVtest=\count285
\sf@farskip=\skip73
\sf@captopadj=\dimen192
\sf@capskip=\skip74
\sf@nearskip=\skip75
\c@subfigure=\count286
\c@subfigure@save=\count287
\c@lofdepth=\count288
\c@subtable=\count289
\c@subtable@save=\count290
\c@lotdepth=\count291
\sf@top=\skip76
\sf@bottom=\skip77
)
Package hyperref Info: Option `colorlinks' set `true' on input line 75.
(/usr/share/texlive/texmf-dist/tex/latex/float/float.sty
Package: float 2001/11/08 v1.3d Float enhancements (AL)
\c@float@type=\count292
\float@exts=\toks26
\float@box=\box54
\@float@everytoks=\toks27
\@floatcapt=\box55
) (/usr/share/texlive/texmf-dist/tex/latex/bookmark/bookmark.sty
Package: bookmark 2019/12/03 v1.28 PDF bookmarks (HO)
(/usr/share/texlive/texmf-dist/tex/latex/bookmark/bkm-pdftex.def
File: bkm-pdftex.def 2019/12/03 v1.28 bookmark driver for pdfTeX (HO)
\BKM@id=\count293
)) (/usr/share/texlive/texmf-dist/tex/latex/xurl/xurl.sty
Package: xurl 2020/01/24 v 0.09 modify URL breaks
) (/usr/share/texlive/texmf-dist/tex/latex/l3backend/l3backend-pdfmode.def
File: l3backend-pdfmode.def 2020-02-03 L3 backend support: PDF mode
\l__kernel_color_stack_int=\count294
\l__pdf_internal_box=\box56
) (./Nano-MGMT-Figures.NOV23.aux

LaTeX Warning: Label `fig:Cumulative Beeswarm' multiply defined.


LaTeX Warning: Label `fig:KaplanMeier' multiply defined.


LaTeX Warning: Label `fig:KaplanMeier' multiply defined.

)
\openout1 = `Nano-MGMT-Figures.NOV23.aux'.

LaTeX Font Info:    Checking defaults for OML/cmm/m/it on input line 102.
LaTeX Font Info:    ... okay on input line 102.
LaTeX Font Info:    Checking defaults for OMS/cmsy/m/n on input line 102.
LaTeX Font Info:    ... okay on input line 102.
LaTeX Font Info:    Checking defaults for OT1/cmr/m/n on input line 102.
LaTeX Font Info:    ... okay on input line 102.
LaTeX Font Info:    Checking defaults for T1/cmr/m/n on input line 102.
LaTeX Font Info:    ... okay on input line 102.
LaTeX Font Info:    Checking defaults for TS1/cmr/m/n on input line 102.
LaTeX Font Info:    ... okay on input line 102.
LaTeX Font Info:    Checking defaults for OMX/cmex/m/n on input line 102.
LaTeX Font Info:    ... okay on input line 102.
LaTeX Font Info:    Checking defaults for U/cmr/m/n on input line 102.
LaTeX Font Info:    ... okay on input line 102.
LaTeX Font Info:    Checking defaults for PD1/pdf/m/n on input line 102.
LaTeX Font Info:    ... okay on input line 102.
LaTeX Font Info:    Checking defaults for PU/pdf/m/n on input line 102.
LaTeX Font Info:    ... okay on input line 102.
LaTeX Info: Redefining \microtypecontext on input line 102.
Package microtype Info: Generating PDF output.
Package microtype Info: Character protrusion enabled (level 2).
Package microtype Info: Using protrusion set `basicmath'.
Package microtype Info: Automatic font expansion enabled (level 2),
(microtype)             stretch: 20, shrink: 20, step: 1, non-selected.
Package microtype Info: Using default expansion set `basictext'.
LaTeX Info: Redefining \showhyphens on input line 102.
Package microtype Info: No adjustment of tracking.
Package microtype Info: No adjustment of interword spacing.
Package microtype Info: No adjustment of character kerning.
(/usr/share/texlive/texmf-dist/tex/latex/microtype/mt-cmr.cfg
File: mt-cmr.cfg 2013/05/19 v2.2 microtype config. file: Computer Modern Roman 
(RS)
) (/usr/share/texlive/texmf-dist/tex/context/base/mkii/supp-pdf.mkii
[Loading MPS to PDF converter (version 2006.09.02).]
\scratchcounter=\count295
\scratchdimen=\dimen193
\scratchbox=\box57
\nofMPsegments=\count296
\nofMParguments=\count297
\everyMPshowfont=\toks28
\MPscratchCnt=\count298
\MPscratchDim=\dimen194
\MPnumerator=\count299
\makeMPintoPDFobject=\count300
\everyMPtoPDFconversion=\toks29
) (/usr/share/texlive/texmf-dist/tex/latex/epstopdf-pkg/epstopdf-base.sty
Package: epstopdf-base 2020-01-24 v2.11 Base part for package epstopdf
Package epstopdf-base Info: Redefining graphics rule for `.eps' on input line 4
85.
(/usr/share/texlive/texmf-dist/tex/latex/latexconfig/epstopdf-sys.cfg
File: epstopdf-sys.cfg 2010/07/13 v1.3 Configuration of (r)epstopdf for TeX Liv
e
))
*geometry* driver: auto-detecting
*geometry* detected driver: pdftex
*geometry* verbose mode - [ preamble ] result:
* driver: pdftex
* paper: <default>
* layout: <same size as paper>
* layoutoffset:(h,v)=(0.0pt,0.0pt)
* modes: 
* h-part:(L,W,R)=(72.26999pt, 469.75502pt, 72.26999pt)
* v-part:(T,H,B)=(72.26999pt, 650.43001pt, 72.26999pt)
* \paperwidth=614.295pt
* \paperheight=794.96999pt
* \textwidth=469.75502pt
* \textheight=650.43001pt
* \oddsidemargin=0.0pt
* \evensidemargin=0.0pt
* \topmargin=-37.0pt
* \headheight=33.0pt
* \headsep=25.0pt
* \topskip=10.0pt
* \footskip=25.0pt
* \marginparwidth=65.0pt
* \marginparsep=11.0pt
* \columnsep=10.0pt
* \skip\footins=9.0pt plus 4.0pt minus 2.0pt
* \hoffset=0.0pt
* \voffset=0.0pt
* \mag=1000
* \@twocolumnfalse
* \@twosidefalse
* \@mparswitchfalse
* \@reversemarginfalse
* (1in=72.27pt=25.4mm, 1cm=28.453pt)

\AtBeginShipoutBox=\box58
Package hyperref Info: Link coloring OFF on input line 102.
(/usr/share/texlive/texmf-dist/tex/latex/hyperref/nameref.sty
Package: nameref 2019/09/16 v2.46 Cross-referencing by name of section
(/usr/share/texlive/texmf-dist/tex/latex/refcount/refcount.sty
Package: refcount 2019/12/15 v3.6 Data extraction from label references (HO)
) (/usr/share/texlive/texmf-dist/tex/generic/gettitlestring/gettitlestring.sty
Package: gettitlestring 2019/12/15 v1.6 Cleanup title references (HO)
)
\c@section@level=\count301
)
LaTeX Info: Redefining \ref on input line 102.
LaTeX Info: Redefining \pageref on input line 102.
LaTeX Info: Redefining \nameref on input line 102.
Package caption Info: Begin \AtBeginDocument code.
Package caption Info: subfig package v1.3 is loaded.
Package caption Info: float package is loaded.
Package caption Info: End \AtBeginDocument code.
LaTeX Font Info:    Trying to load font information for OT1+lmr on input line 1
04.
(/usr/share/texmf/tex/latex/lm/ot1lmr.fd
File: ot1lmr.fd 2009/10/30 v1.6 Font defs for Latin Modern
)
LaTeX Font Info:    Trying to load font information for OML+lmm on input line 1
04.
(/usr/share/texmf/tex/latex/lm/omllmm.fd
File: omllmm.fd 2009/10/30 v1.6 Font defs for Latin Modern
)
LaTeX Font Info:    Trying to load font information for OMS+lmsy on input line 
104.
(/usr/share/texmf/tex/latex/lm/omslmsy.fd
File: omslmsy.fd 2009/10/30 v1.6 Font defs for Latin Modern
)
LaTeX Font Info:    Trying to load font information for OMX+lmex on input line 
104.
(/usr/share/texmf/tex/latex/lm/omxlmex.fd
File: omxlmex.fd 2009/10/30 v1.6 Font defs for Latin Modern
)
LaTeX Font Info:    External font `lmex10' loaded for size
(Font)              <12> on input line 104.
LaTeX Font Info:    External font `lmex10' loaded for size
(Font)              <8> on input line 104.
LaTeX Font Info:    External font `lmex10' loaded for size
(Font)              <6> on input line 104.
LaTeX Font Info:    Trying to load font information for U+msa on input line 104
.
(/usr/share/texlive/texmf-dist/tex/latex/amsfonts/umsa.fd
File: umsa.fd 2013/01/14 v3.01 AMS symbols A
) (/usr/share/texlive/texmf-dist/tex/latex/microtype/mt-msa.cfg
File: mt-msa.cfg 2006/02/04 v1.1 microtype config. file: AMS symbols (a) (RS)
)
LaTeX Font Info:    Trying to load font information for U+msb on input line 104
.
(/usr/share/texlive/texmf-dist/tex/latex/amsfonts/umsb.fd
File: umsb.fd 2013/01/14 v3.01 AMS symbols B
) (/usr/share/texlive/texmf-dist/tex/latex/microtype/mt-msb.cfg
File: mt-msb.cfg 2005/06/01 v1.0 microtype config. file: AMS symbols (b) (RS)
)
<Nano-MGMT-Figures.NOV23_files/figure-latex/Methylation_overview_simplified-1.p
df, id=4, 361.35pt x 361.35pt>
File: Nano-MGMT-Figures.NOV23_files/figure-latex/Methylation_overview_simplifie
d-1.pdf Graphic file (type pdf)
<use Nano-MGMT-Figures.NOV23_files/figure-latex/Methylation_overview_simplified
-1.pdf>
Package pdftex.def Info: Nano-MGMT-Figures.NOV23_files/figure-latex/Methylation
_overview_simplified-1.pdf  used on input line 150.
(pdftex.def)             Requested size: 361.34912pt x 361.34912pt.
<Nano-MGMT-Figures.NOV23_files/figure-latex/Coverage_Method-1.pdf, id=5, 361.35
pt x 361.35pt>
File: Nano-MGMT-Figures.NOV23_files/figure-latex/Coverage_Method-1.pdf Graphic 
file (type pdf)
<use Nano-MGMT-Figures.NOV23_files/figure-latex/Coverage_Method-1.pdf>
Package pdftex.def Info: Nano-MGMT-Figures.NOV23_files/figure-latex/Coverage_Me
thod-1.pdf  used on input line 162.
(pdftex.def)             Requested size: 361.34912pt x 361.34912pt.
<Nano-MGMT-Figures.NOV23_files/figure-latex/Compare_Individual-1.pdf, id=6, 361
.35pt x 361.35pt>
File: Nano-MGMT-Figures.NOV23_files/figure-latex/Compare_Individual-1.pdf Graph
ic file (type pdf)
<use Nano-MGMT-Figures.NOV23_files/figure-latex/Compare_Individual-1.pdf>
Package pdftex.def Info: Nano-MGMT-Figures.NOV23_files/figure-latex/Compare_Ind
ividual-1.pdf  used on input line 177.
(pdftex.def)             Requested size: 361.34912pt x 361.34912pt.
<Nano-MGMT-Figures.NOV23_files/figure-latex/Compare_Group-1.pdf, id=7, 722.7pt 
x 361.35pt>
File: Nano-MGMT-Figures.NOV23_files/figure-latex/Compare_Group-1.pdf Graphic fi
le (type pdf)
<use Nano-MGMT-Figures.NOV23_files/figure-latex/Compare_Group-1.pdf>
Package pdftex.def Info: Nano-MGMT-Figures.NOV23_files/figure-latex/Compare_Gro
up-1.pdf  used on input line 188.
(pdftex.def)             Requested size: 469.76045pt x 234.88023pt.
<Nano-MGMT-Figures.NOV23_files/figure-latex/BeeSwarm-1.pdf, id=8, 361.35pt x 36
1.35pt>
File: Nano-MGMT-Figures.NOV23_files/figure-latex/BeeSwarm-1.pdf Graphic file (t
ype pdf)
<use Nano-MGMT-Figures.NOV23_files/figure-latex/BeeSwarm-1.pdf>
Package pdftex.def Info: Nano-MGMT-Figures.NOV23_files/figure-latex/BeeSwarm-1.
pdf  used on input line 200.
(pdftex.def)             Requested size: 361.34912pt x 361.34912pt.
LaTeX Font Info:    Trying to load font information for T1+lmtt on input line 2
07.
(/usr/share/texmf/tex/latex/lm/t1lmtt.fd
File: t1lmtt.fd 2009/10/30 v1.6 Font defs for Latin Modern
) [1{/var/lib/texmf/fonts/map/pdftex/updmap/pdftex.map}

] [2 <./Nano-MGMT-Figures.NOV23_files/figure-latex/Methylation_overview_simplif
ied-1.pdf>] [3 <./Nano-MGMT-Figures.NOV23_files/figure-latex/Coverage_Method-1.
pdf>] [4 <./Nano-MGMT-Figures.NOV23_files/figure-latex/Compare_Individual-1.pdf
>]
LaTeX Font Info:    Trying to load font information for TS1+lmtt on input line 
226.
(/usr/share/texmf/tex/latex/lm/ts1lmtt.fd
File: ts1lmtt.fd 2009/10/30 v1.6 Font defs for Latin Modern
)
<Nano-MGMT-Figures.NOV23_files/figure-latex/Logistic_regression-1.pdf, id=76, 3
61.35pt x 361.35pt>
File: Nano-MGMT-Figures.NOV23_files/figure-latex/Logistic_regression-1.pdf Grap
hic file (type pdf)
<use Nano-MGMT-Figures.NOV23_files/figure-latex/Logistic_regression-1.pdf>
Package pdftex.def Info: Nano-MGMT-Figures.NOV23_files/figure-latex/Logistic_re
gression-1.pdf  used on input line 228.
(pdftex.def)             Requested size: 361.34912pt x 361.34912pt.
[5 <./Nano-MGMT-Figures.NOV23_files/figure-latex/Compare_Group-1.pdf>] [6 <./Na
no-MGMT-Figures.NOV23_files/figure-latex/BeeSwarm-1.pdf>]
<Nano-MGMT-Figures.NOV23_files/figure-latex/Logistic_regression-2.pdf, id=110, 
361.35pt x 361.35pt>
File: Nano-MGMT-Figures.NOV23_files/figure-latex/Logistic_regression-2.pdf Grap
hic file (type pdf)
<use Nano-MGMT-Figures.NOV23_files/figure-latex/Logistic_regression-2.pdf>
Package pdftex.def Info: Nano-MGMT-Figures.NOV23_files/figure-latex/Logistic_re
gression-2.pdf  used on input line 238.
(pdftex.def)             Requested size: 361.34912pt x 361.34912pt.
[7 <./Nano-MGMT-Figures.NOV23_files/figure-latex/Logistic_regression-1.pdf>]
<Nano-MGMT-Figures.NOV23_files/figure-latex/STP27-1.pdf, id=125, 361.35pt x 361
.35pt>
File: Nano-MGMT-Figures.NOV23_files/figure-latex/STP27-1.pdf Graphic file (type
 pdf)
<use Nano-MGMT-Figures.NOV23_files/figure-latex/STP27-1.pdf>
Package pdftex.def Info: Nano-MGMT-Figures.NOV23_files/figure-latex/STP27-1.pdf
  used on input line 240.
(pdftex.def)             Requested size: 361.34912pt x 361.34912pt.
[8 <./Nano-MGMT-Figures.NOV23_files/figure-latex/Logistic_regression-2.pdf>]
<Nano-MGMT-Figures.NOV23_files/figure-latex/STP27-2.pdf, id=139, 361.35pt x 361
.35pt>
File: Nano-MGMT-Figures.NOV23_files/figure-latex/STP27-2.pdf Graphic file (type
 pdf)
<use Nano-MGMT-Figures.NOV23_files/figure-latex/STP27-2.pdf>
Package pdftex.def Info: Nano-MGMT-Figures.NOV23_files/figure-latex/STP27-2.pdf
  used on input line 242.
(pdftex.def)             Requested size: 361.34912pt x 361.34912pt.
[9 <./Nano-MGMT-Figures.NOV23_files/figure-latex/STP27-1.pdf>]
<Nano-MGMT-Figures.NOV23_files/figure-latex/STP27-3.pdf, id=154, 361.35pt x 361
.35pt>
File: Nano-MGMT-Figures.NOV23_files/figure-latex/STP27-3.pdf Graphic file (type
 pdf)
<use Nano-MGMT-Figures.NOV23_files/figure-latex/STP27-3.pdf>
Package pdftex.def Info: Nano-MGMT-Figures.NOV23_files/figure-latex/STP27-3.pdf
  used on input line 244.
(pdftex.def)             Requested size: 361.34912pt x 361.34912pt.
[10 <./Nano-MGMT-Figures.NOV23_files/figure-latex/STP27-2.pdf>]
<Nano-MGMT-Figures.NOV23_files/figure-latex/Cumulative Beeswarm-1.pdf, id=164, 
361.35pt x 361.35pt>
File: Nano-MGMT-Figures.NOV23_files/figure-latex/Cumulative Beeswarm-1.pdf Grap
hic file (type pdf)
<use Nano-MGMT-Figures.NOV23_files/figure-latex/Cumulative Beeswarm-1.pdf>
Package pdftex.def Info: Nano-MGMT-Figures.NOV23_files/figure-latex/Cumulative 
Beeswarm-1.pdf  used on input line 248.
(pdftex.def)             Requested size: 361.34912pt x 361.34912pt.
<Nano-MGMT-Figures.NOV23_files/figure-latex/Cumulative Beeswarm-2.pdf, id=165, 
361.35pt x 361.35pt>
File: Nano-MGMT-Figures.NOV23_files/figure-latex/Cumulative Beeswarm-2.pdf Grap
hic file (type pdf)
<use Nano-MGMT-Figures.NOV23_files/figure-latex/Cumulative Beeswarm-2.pdf>
Package pdftex.def Info: Nano-MGMT-Figures.NOV23_files/figure-latex/Cumulative 
Beeswarm-2.pdf  used on input line 256.
(pdftex.def)             Requested size: 361.34912pt x 361.34912pt.
<Nano-MGMT-Figures.NOV23_files/figure-latex/Corrolation_plot-1.pdf, id=166, 361
.35pt x 361.35pt>
File: Nano-MGMT-Figures.NOV23_files/figure-latex/Corrolation_plot-1.pdf Graphic
 file (type pdf)
<use Nano-MGMT-Figures.NOV23_files/figure-latex/Corrolation_plot-1.pdf>
Package pdftex.def Info: Nano-MGMT-Figures.NOV23_files/figure-latex/Corrolation
_plot-1.pdf  used on input line 267.
(pdftex.def)             Requested size: 361.34912pt x 361.34912pt.
[11 <./Nano-MGMT-Figures.NOV23_files/figure-latex/STP27-3.pdf>] [12 <./Nano-MGM
T-Figures.NOV23_files/figure-latex/Cumulative Beeswarm-1.pdf>] [13 <./Nano-MGMT
-Figures.NOV23_files/figure-latex/Cumulative Beeswarm-2.pdf>]
<Nano-MGMT-Figures.NOV23_files/figure-latex/Heatmap-1.pdf, id=210, 361.35pt x 3
61.35pt>
File: Nano-MGMT-Figures.NOV23_files/figure-latex/Heatmap-1.pdf Graphic file (ty
pe pdf)
<use Nano-MGMT-Figures.NOV23_files/figure-latex/Heatmap-1.pdf>
Package pdftex.def Info: Nano-MGMT-Figures.NOV23_files/figure-latex/Heatmap-1.p
df  used on input line 271.
(pdftex.def)             Requested size: 469.76047pt x 469.76047pt.
<Nano-MGMT-Figures.NOV23_files/figure-latex/Dotline-1.pdf, id=211, 361.35pt x 3
61.35pt>
File: Nano-MGMT-Figures.NOV23_files/figure-latex/Dotline-1.pdf Graphic file (ty
pe pdf)
<use Nano-MGMT-Figures.NOV23_files/figure-latex/Dotline-1.pdf>
Package pdftex.def Info: Nano-MGMT-Figures.NOV23_files/figure-latex/Dotline-1.p
df  used on input line 278.
(pdftex.def)             Requested size: 361.34912pt x 361.34912pt.
[14 <./Nano-MGMT-Figures.NOV23_files/figure-latex/Corrolation_plot-1.pdf>] [15 
<./Nano-MGMT-Figures.NOV23_files/figure-latex/Heatmap-1.pdf>]
<Nano-MGMT-Figures.NOV23_files/figure-latex/Dotline-2.pdf, id=233, 361.35pt x 3
61.35pt>
File: Nano-MGMT-Figures.NOV23_files/figure-latex/Dotline-2.pdf Graphic file (ty
pe pdf)
<use Nano-MGMT-Figures.NOV23_files/figure-latex/Dotline-2.pdf>
Package pdftex.def Info: Nano-MGMT-Figures.NOV23_files/figure-latex/Dotline-2.p
df  used on input line 280.
(pdftex.def)             Requested size: 361.34912pt x 361.34912pt.
[16 <./Nano-MGMT-Figures.NOV23_files/figure-latex/Dotline-1.pdf>]
<Nano-MGMT-Figures.NOV23_files/figure-latex/HeatmapGBM-1.pdf, id=243, 361.35pt 
x 361.35pt>
File: Nano-MGMT-Figures.NOV23_files/figure-latex/HeatmapGBM-1.pdf Graphic file 
(type pdf)
<use Nano-MGMT-Figures.NOV23_files/figure-latex/HeatmapGBM-1.pdf>
Package pdftex.def Info: Nano-MGMT-Figures.NOV23_files/figure-latex/HeatmapGBM-
1.pdf  used on input line 302.
(pdftex.def)             Requested size: 469.76047pt x 469.76047pt.
<Nano-MGMT-Figures.NOV23_files/figure-latex/Kmeans-1.pdf, id=244, 361.35pt x 36
1.35pt>
File: Nano-MGMT-Figures.NOV23_files/figure-latex/Kmeans-1.pdf Graphic file (typ
e pdf)
<use Nano-MGMT-Figures.NOV23_files/figure-latex/Kmeans-1.pdf>
Package pdftex.def Info: Nano-MGMT-Figures.NOV23_files/figure-latex/Kmeans-1.pd
f  used on input line 317.
(pdftex.def)             Requested size: 469.76047pt x 469.76047pt.
<Nano-MGMT-Figures.NOV23_files/figure-latex/KaplanMeier-1.pdf, id=245, 361.35pt
 x 361.35pt>
File: Nano-MGMT-Figures.NOV23_files/figure-latex/KaplanMeier-1.pdf Graphic file
 (type pdf)
<use Nano-MGMT-Figures.NOV23_files/figure-latex/KaplanMeier-1.pdf>
Package pdftex.def Info: Nano-MGMT-Figures.NOV23_files/figure-latex/KaplanMeier
-1.pdf  used on input line 338.
(pdftex.def)             Requested size: 469.76047pt x 469.76047pt.
<Nano-MGMT-Figures.NOV23_files/figure-latex/KaplanMeier-2.pdf, id=246, 361.35pt
 x 361.35pt>
File: Nano-MGMT-Figures.NOV23_files/figure-latex/KaplanMeier-2.pdf Graphic file
 (type pdf)
<use Nano-MGMT-Figures.NOV23_files/figure-latex/KaplanMeier-2.pdf>
Package pdftex.def Info: Nano-MGMT-Figures.NOV23_files/figure-latex/KaplanMeier
-2.pdf  used on input line 346.
(pdftex.def)             Requested size: 469.76047pt x 469.76047pt.
<Nano-MGMT-Figures.NOV23_files/figure-latex/KaplanMeier-3.pdf, id=247, 361.35pt
 x 361.35pt>
File: Nano-MGMT-Figures.NOV23_files/figure-latex/KaplanMeier-3.pdf Graphic file
 (type pdf)
<use Nano-MGMT-Figures.NOV23_files/figure-latex/KaplanMeier-3.pdf>
Package pdftex.def Info: Nano-MGMT-Figures.NOV23_files/figure-latex/KaplanMeier
-3.pdf  used on input line 354.
(pdftex.def)             Requested size: 469.76047pt x 469.76047pt.
[17 <./Nano-MGMT-Figures.NOV23_files/figure-latex/Dotline-2.pdf>] [18 <./Nano-M
GMT-Figures.NOV23_files/figure-latex/HeatmapGBM-1.pdf>] [19 <./Nano-MGMT-Figure
s.NOV23_files/figure-latex/Kmeans-1.pdf>] [20 <./Nano-MGMT-Figures.NOV23_files/
figure-latex/KaplanMeier-1.pdf>] [21 <./Nano-MGMT-Figures.NOV23_files/figure-la
tex/KaplanMeier-2.pdf>] [22 <./Nano-MGMT-Figures.NOV23_files/figure-latex/Kapla
nMeier-3.pdf>]
Package atveryend Info: Empty hook `BeforeClearDocument' on input line 381.
[23]
Package atveryend Info: Empty hook `AfterLastShipout' on input line 381.
(./Nano-MGMT-Figures.NOV23.aux)
Package atveryend Info: Executing hook `AtVeryEndDocument' on input line 381.
Package atveryend Info: Empty hook `AtEndAfterFileList' on input line 381.

LaTeX Warning: There were multiply-defined labels.

 ) 
Here is how much of TeX's memory you used:
 15350 strings out of 483183
 235935 string characters out of 5966292
 523735 words of memory out of 5000000
 29999 multiletter control sequences out of 15000+600000
 568235 words of font info for 72 fonts, out of 8000000 for 9000
 14 hyphenation exceptions out of 8191
 50i,11n,49p,822b,474s stack positions out of 5000i,500n,10000p,200000b,80000s
{/usr/share/texmf/fonts/enc/dvips/lm/lm-ts1.enc}{/usr/share/texmf/fonts/enc/d
vips/lm/lm-ec.enc}</usr/share/texmf/fonts/type1/public/lm/lmbx10.pfb></usr/shar
e/texmf/fonts/type1/public/lm/lmbx12.pfb></usr/share/texmf/fonts/type1/public/l
m/lmr10.pfb></usr/share/texmf/fonts/type1/public/lm/lmr12.pfb></usr/share/texmf
/fonts/type1/public/lm/lmr17.pfb></usr/share/texmf/fonts/type1/public/lm/lmr7.p
fb></usr/share/texmf/fonts/type1/public/lm/lmro10.pfb></usr/share/texmf/fonts/t
ype1/public/lm/lmtt10.pfb>
Output written on Nano-MGMT-Figures.NOV23.pdf (23 pages, 729043 bytes).
PDF statistics:
 392 PDF objects out of 1000 (max. 8388607)
 313 compressed objects within 4 object streams
 54 named destinations out of 1000 (max. 500000)
 10410 words of extra memory for PDF output out of 12000 (max. 10000000)

